22:10:06.167 [main] INFO  com.UrbanLadder.ReusableComponents.reusablecomponent - After complete all process browser is close
22:10:07.632 [main] INFO  com.UrbanLadder.ReusableComponents.reusablecomponent - driver is setup
22:10:18.874 [main] INFO  com.UrbanLadder.ReusableComponents.reusablecomponent - close the pop up window
22:10:23.751 [main] INFO  com.UrbanLadder.ReusableComponents.reusablecomponent - shows the giftcard page
22:10:24.362 [main] INFO  com.UrbanLadder.ReusableComponents.reusablecomponent - it is  automatically click the wedding button  
22:10:26.201 [main] INFO  com.UrbanLadder.ReusableComponents.reusablecomponent - enter the recipient name and email
22:10:26.974 [main] INFO  com.UrbanLadder.ReusableComponents.reusablecomponent - enter the your name,email,number and message
22:10:33.520 [main] INFO  com.UrbanLadder.ReusableComponents.reusablecomponent - driver is intialized
22:10:33.520 [main] INFO  com.UrbanLadder.ReusableComponents.reusablecomponent - Driver is setup
22:10:35.646 [main] INFO  com.UrbanLadder.ReusableComponents.reusablecomponent - Url is open
22:10:35.647 [main] INFO  com.UrbanLadder.ReusableComponents.reusablecomponent - close the popup window
22:10:40.205 [main] INFO  com.UrbanLadder.ReusableComponents.reusablecomponent - Successfully Navigated to Table page
22:10:41.134 [main] INFO  com.UrbanLadder.ReusableComponents.reusablecomponent - Url is open
22:10:41.134 [main] INFO  com.UrbanLadder.ReusableComponents.reusablecomponent - close the popup window
22:10:44.822 [main] INFO  com.UrbanLadder.ReusableComponents.reusablecomponent - Successfully Navigated to Curtains page
22:10:45.730 [main] INFO  com.UrbanLadder.ReusableComponents.reusablecomponent - Url is open
22:10:45.730 [main] INFO  com.UrbanLadder.ReusableComponents.reusablecomponent - close the popup window
22:10:49.493 [main] INFO  com.UrbanLadder.ReusableComponents.reusablecomponent - Successfully Navigated to Mirror page
22:10:50.394 [main] INFO  com.UrbanLadder.ReusableComponents.reusablecomponent - Url is open
22:10:50.394 [main] INFO  com.UrbanLadder.ReusableComponents.reusablecomponent - close the popup window
22:10:55.632 [main] INFO  com.UrbanLadder.ReusableComponents.reusablecomponent - Successfully Navigated to Hanging Light page
22:10:56.374 [main] INFO  com.UrbanLadder.ReusableComponents.reusablecomponent - Url is open
22:10:56.374 [main] INFO  com.UrbanLadder.ReusableComponents.reusablecomponent - close the popup window
